2013-01-06T12:34:40+00:00 CRIT (2): Not valid template file:frontend/base/default/template/anal/widget/simple.phtml
2013-01-06T12:34:54+00:00 CRIT (2): Not valid template file:frontend/base/default/template/anal/widget/simple.phtml
2013-01-06T12:35:16+00:00 CRIT (2): Not valid template file:frontend/base/default/template/anal/widget/simple.phtml
2013-01-06T16:37:02+00:00 CRIT (2): Not valid template file:frontend/base/default/template/anal/widget/simple.phtml
2013-03-12T14:09:32+00:00 DEBUG (7): HEADERS ALREADY SENT: <pre>[0] /home/gerard/sites/mageclean/app/code/core/Mage/Core/Controller/Response/Http.php:52
[1] /home/gerard/sites/mageclean/lib/Zend/Controller/Response/Abstract.php:766
[2] /home/gerard/sites/mageclean/app/code/core/Mage/Core/Controller/Response/Http.php:83
[3] /home/gerard/sites/mageclean/app/code/core/Mage/Core/Controller/Varien/Front.php:188
[4] /home/gerard/sites/mageclean/app/code/core/Mage/Core/Model/App.php:354
[5] /home/gerard/sites/mageclean/app/Mage.php:683
[6] /home/gerard/sites/mageclean/index.php:87
</pre>
2013-03-12T14:14:37+00:00 DEBUG (7): HEADERS ALREADY SENT: <pre>[0] /home/gerard/sites/mageclean/app/code/core/Mage/Core/Controller/Response/Http.php:52
[1] /home/gerard/sites/mageclean/lib/Zend/Controller/Response/Abstract.php:766
[2] /home/gerard/sites/mageclean/app/code/core/Mage/Core/Controller/Response/Http.php:83
[3] /home/gerard/sites/mageclean/app/code/core/Mage/Core/Controller/Varien/Front.php:188
[4] /home/gerard/sites/mageclean/app/code/core/Mage/Core/Model/App.php:354
[5] /home/gerard/sites/mageclean/app/Mage.php:683
[6] /home/gerard/sites/mageclean/index.php:87
</pre>
2013-03-12T14:45:04+00:00 DEBUG (7): HEADERS ALREADY SENT: <pre>[0] /home/gerard/sites/mageclean/app/code/core/Mage/Core/Controller/Response/Http.php:52
[1] /home/gerard/sites/mageclean/lib/Zend/Controller/Response/Abstract.php:766
[2] /home/gerard/sites/mageclean/app/code/core/Mage/Core/Controller/Response/Http.php:83
[3] /home/gerard/sites/mageclean/app/code/core/Mage/Core/Controller/Varien/Front.php:188
[4] /home/gerard/sites/mageclean/app/code/core/Mage/Core/Model/App.php:354
[5] /home/gerard/sites/mageclean/app/Mage.php:683
[6] /home/gerard/sites/mageclean/index.php:87
</pre>
2013-03-12T19:36:21+00:00 DEBUG (7): HEADERS ALREADY SENT: <pre>[0] /home/gerard/sites/mageclean/app/code/core/Mage/Core/Controller/Response/Http.php:52
[1] /home/gerard/sites/mageclean/lib/Zend/Controller/Response/Abstract.php:766
[2] /home/gerard/sites/mageclean/app/code/core/Mage/Core/Controller/Response/Http.php:83
[3] /home/gerard/sites/mageclean/app/code/core/Mage/Core/Controller/Varien/Front.php:188
[4] /home/gerard/sites/mageclean/app/code/core/Mage/Core/Model/App.php:354
[5] /home/gerard/sites/mageclean/app/Mage.php:683
[6] /home/gerard/sites/mageclean/index.php:87
</pre>
2013-03-12T21:24:23+00:00 CRIT (2): Not valid template file:frontend/base/default/template/block
2013-03-12T21:28:46+00:00 CRIT (2): Not valid template file:frontend/base/default/template/block
2013-03-12T21:31:41+00:00 CRIT (2): Not valid template file:frontend/base/default/template/block
2013-03-21T22:50:13+00:00 CRIT (2): Not valid template file:frontend/base/default/template/blocktwo.phtml
2013-03-21T22:50:30+00:00 CRIT (2): Not valid template file:frontend/base/default/template/blocktwo.phtml
2013-03-21T22:51:09+00:00 CRIT (2): Not valid template file:frontend/base/default/template/blocktwo.phtml
2013-03-21T22:52:52+00:00 CRIT (2): Not valid template file:frontend/base/default/template/blocktwo.phtml
2013-03-21T22:55:15+00:00 DEBUG (7): HEADERS ALREADY SENT: <pre>[0] /home/gerard/sites/mageclean/app/code/core/Mage/Core/Controller/Response/Http.php:52
[1] /home/gerard/sites/mageclean/lib/Zend/Controller/Response/Abstract.php:766
[2] /home/gerard/sites/mageclean/app/code/core/Mage/Core/Controller/Response/Http.php:83
[3] /home/gerard/sites/mageclean/app/code/core/Mage/Core/Controller/Varien/Front.php:188
[4] /home/gerard/sites/mageclean/app/code/core/Mage/Core/Model/App.php:354
[5] /home/gerard/sites/mageclean/app/Mage.php:683
[6] /home/gerard/sites/mageclean/index.php:87
</pre>
2013-03-21T22:57:20+00:00 DEBUG (7): HEADERS ALREADY SENT: <pre>[0] /home/gerard/sites/mageclean/app/code/core/Mage/Core/Controller/Response/Http.php:52
[1] /home/gerard/sites/mageclean/lib/Zend/Controller/Response/Abstract.php:766
[2] /home/gerard/sites/mageclean/app/code/core/Mage/Core/Controller/Response/Http.php:83
[3] /home/gerard/sites/mageclean/app/code/core/Mage/Core/Controller/Varien/Front.php:188
[4] /home/gerard/sites/mageclean/app/code/core/Mage/Core/Model/App.php:354
[5] /home/gerard/sites/mageclean/app/Mage.php:683
[6] /home/gerard/sites/mageclean/index.php:87
</pre>
2013-03-21T23:24:28+00:00 DEBUG (7): HEADERS ALREADY SENT: <pre>[0] /home/gerard/sites/mageclean/app/code/core/Mage/Core/Controller/Response/Http.php:52
[1] /home/gerard/sites/mageclean/lib/Zend/Controller/Response/Abstract.php:766
[2] /home/gerard/sites/mageclean/app/code/core/Mage/Core/Controller/Response/Http.php:83
[3] /home/gerard/sites/mageclean/app/code/core/Mage/Core/Controller/Varien/Front.php:188
[4] /home/gerard/sites/mageclean/app/code/core/Mage/Core/Model/App.php:354
[5] /home/gerard/sites/mageclean/app/Mage.php:683
[6] /home/gerard/sites/mageclean/index.php:87
</pre>
2013-03-21T23:28:04+00:00 DEBUG (7): HEADERS ALREADY SENT: <pre>[0] /home/gerard/sites/mageclean/app/code/core/Mage/Core/Controller/Response/Http.php:52
[1] /home/gerard/sites/mageclean/lib/Zend/Controller/Response/Abstract.php:766
[2] /home/gerard/sites/mageclean/app/code/core/Mage/Core/Controller/Response/Http.php:83
[3] /home/gerard/sites/mageclean/app/code/core/Mage/Core/Controller/Varien/Front.php:188
[4] /home/gerard/sites/mageclean/app/code/core/Mage/Core/Model/App.php:354
[5] /home/gerard/sites/mageclean/app/Mage.php:683
[6] /home/gerard/sites/mageclean/index.php:87
</pre>
2013-03-21T23:28:58+00:00 DEBUG (7): HEADERS ALREADY SENT: <pre>[0] /home/gerard/sites/mageclean/app/code/core/Mage/Core/Controller/Response/Http.php:52
[1] /home/gerard/sites/mageclean/lib/Zend/Controller/Response/Abstract.php:766
[2] /home/gerard/sites/mageclean/app/code/core/Mage/Core/Controller/Response/Http.php:83
[3] /home/gerard/sites/mageclean/app/code/core/Mage/Core/Controller/Varien/Front.php:188
[4] /home/gerard/sites/mageclean/app/code/core/Mage/Core/Model/App.php:354
[5] /home/gerard/sites/mageclean/app/Mage.php:683
[6] /home/gerard/sites/mageclean/index.php:87
</pre>
2013-03-21T23:39:46+00:00 DEBUG (7): HEADERS ALREADY SENT: <pre>[0] /home/gerard/sites/mageclean/app/code/core/Mage/Core/Controller/Response/Http.php:52
[1] /home/gerard/sites/mageclean/lib/Zend/Controller/Response/Abstract.php:766
[2] /home/gerard/sites/mageclean/app/code/core/Mage/Core/Controller/Response/Http.php:83
[3] /home/gerard/sites/mageclean/app/code/core/Mage/Core/Controller/Varien/Front.php:188
[4] /home/gerard/sites/mageclean/app/code/core/Mage/Core/Model/App.php:354
[5] /home/gerard/sites/mageclean/app/Mage.php:683
[6] /home/gerard/sites/mageclean/index.php:87
</pre>
2013-03-21T23:44:47+00:00 DEBUG (7): HEADERS ALREADY SENT: <pre>[0] /home/gerard/sites/mageclean/app/code/core/Mage/Core/Controller/Response/Http.php:52
[1] /home/gerard/sites/mageclean/lib/Zend/Controller/Response/Abstract.php:766
[2] /home/gerard/sites/mageclean/app/code/core/Mage/Core/Controller/Response/Http.php:83
[3] /home/gerard/sites/mageclean/app/code/core/Mage/Core/Controller/Varien/Front.php:188
[4] /home/gerard/sites/mageclean/app/code/core/Mage/Core/Model/App.php:354
[5] /home/gerard/sites/mageclean/app/Mage.php:683
[6] /home/gerard/sites/mageclean/index.php:87
</pre>
2013-03-21T23:47:50+00:00 DEBUG (7): HEADERS ALREADY SENT: <pre>[0] /home/gerard/sites/mageclean/app/code/core/Mage/Core/Controller/Response/Http.php:52
[1] /home/gerard/sites/mageclean/lib/Zend/Controller/Response/Abstract.php:766
[2] /home/gerard/sites/mageclean/app/code/core/Mage/Core/Controller/Response/Http.php:83
[3] /home/gerard/sites/mageclean/app/code/core/Mage/Core/Controller/Varien/Front.php:188
[4] /home/gerard/sites/mageclean/app/code/core/Mage/Core/Model/App.php:354
[5] /home/gerard/sites/mageclean/app/Mage.php:683
[6] /home/gerard/sites/mageclean/index.php:87
</pre>
2013-03-21T23:55:23+00:00 DEBUG (7): HEADERS ALREADY SENT: <pre>[0] /home/gerard/sites/mageclean/app/code/core/Mage/Core/Controller/Response/Http.php:52
[1] /home/gerard/sites/mageclean/lib/Zend/Controller/Response/Abstract.php:766
[2] /home/gerard/sites/mageclean/app/code/core/Mage/Core/Controller/Response/Http.php:83
[3] /home/gerard/sites/mageclean/app/code/core/Mage/Core/Controller/Varien/Front.php:188
[4] /home/gerard/sites/mageclean/app/code/core/Mage/Core/Model/App.php:354
[5] /home/gerard/sites/mageclean/app/Mage.php:683
[6] /home/gerard/sites/mageclean/index.php:87
</pre>
2013-03-22T00:02:02+00:00 DEBUG (7): HEADERS ALREADY SENT: <pre>[0] /home/gerard/sites/mageclean/app/code/core/Mage/Core/Controller/Response/Http.php:52
[1] /home/gerard/sites/mageclean/lib/Zend/Controller/Response/Abstract.php:766
[2] /home/gerard/sites/mageclean/app/code/core/Mage/Core/Controller/Response/Http.php:83
[3] /home/gerard/sites/mageclean/app/code/core/Mage/Core/Controller/Varien/Front.php:188
[4] /home/gerard/sites/mageclean/app/code/core/Mage/Core/Model/App.php:354
[5] /home/gerard/sites/mageclean/app/Mage.php:683
[6] /home/gerard/sites/mageclean/index.php:87
</pre>
2013-03-22T07:37:59+00:00 DEBUG (7): HEADERS ALREADY SENT: <pre>[0] /home/gerard/sites/mageclean/app/code/core/Mage/Core/Controller/Response/Http.php:52
[1] /home/gerard/sites/mageclean/lib/Zend/Controller/Response/Abstract.php:766
[2] /home/gerard/sites/mageclean/app/code/core/Mage/Core/Controller/Response/Http.php:83
[3] /home/gerard/sites/mageclean/app/code/core/Mage/Core/Controller/Varien/Front.php:188
[4] /home/gerard/sites/mageclean/app/code/core/Mage/Core/Model/App.php:354
[5] /home/gerard/sites/mageclean/app/Mage.php:683
[6] /home/gerard/sites/mageclean/index.php:87
</pre>
2013-03-30T18:40:11+00:00 DEBUG (7): HEADERS ALREADY SENT: <pre>[0] /home/gerard/sites/mageclean/app/code/core/Mage/Core/Controller/Response/Http.php:52
[1] /home/gerard/sites/mageclean/lib/Zend/Controller/Response/Abstract.php:766
[2] /home/gerard/sites/mageclean/app/code/core/Mage/Core/Controller/Response/Http.php:83
[3] /home/gerard/sites/mageclean/app/code/core/Mage/Core/Controller/Varien/Front.php:188
[4] /home/gerard/sites/mageclean/app/code/core/Mage/Core/Model/App.php:354
[5] /home/gerard/sites/mageclean/app/Mage.php:683
[6] /home/gerard/sites/mageclean/index.php:87
</pre>
2013-04-07T08:33:16+00:00 DEBUG (7): HEADERS ALREADY SENT: <pre>[0] /home/gerard/sites/mageclean/app/code/core/Mage/Core/Controller/Response/Http.php:52
[1] /home/gerard/sites/mageclean/lib/Zend/Controller/Response/Abstract.php:766
[2] /home/gerard/sites/mageclean/app/code/core/Mage/Core/Controller/Response/Http.php:83
[3] /home/gerard/sites/mageclean/app/code/core/Mage/Core/Controller/Varien/Front.php:188
[4] /home/gerard/sites/mageclean/app/code/core/Mage/Core/Model/App.php:354
[5] /home/gerard/sites/mageclean/app/Mage.php:683
[6] /home/gerard/sites/mageclean/index.php:87
</pre>
